TN:
SF:src\coveralls.ts
FNF:0
FNH:0
LF:0
LH:0
BRF:0
BRH:0
end_of_record
TN:
SF:src\coverallsRequestBuilder.ts
FN:19,(anonymous_0)
FN:24,(anonymous_1)
FN:29,(anonymous_2)
FN:34,(anonymous_3)
FNF:4
FNH:2
FNDA:0,(anonymous_0)
FNDA:0,(anonymous_1)
FNDA:2,(anonymous_2)
FNDA:1,(anonymous_3)
DA:13,1
DA:20,0
DA:21,0
DA:25,0
DA:26,0
DA:30,2
DA:31,2
DA:35,1
LF:8
LH:4
BRF:0
BRH:0
end_of_record
TN:
SF:src\index.ts
FN:4,main
FNF:1
FNH:0
FNDA:0,main
DA:8,0
LF:1
LH:0
BRF:0
BRH:0
end_of_record
TN:
SF:src\parsers\coveralls.ts
FNF:0
FNH:0
LF:0
LH:0
BRF:0
BRH:0
end_of_record
TN:
SF:src\parsers\lcov.ts
FN:8,(anonymous_0)
FN:13,(anonymous_1)
FN:16,(anonymous_2)
FN:27,(anonymous_3)
FN:28,(anonymous_4)
FN:29,(anonymous_5)
FNF:6
FNH:6
FNDA:1,(anonymous_0)
FNDA:1,(anonymous_1)
FNDA:2,(anonymous_2)
FNDA:2,(anonymous_3)
FNDA:2,(anonymous_4)
FNDA:2,(anonymous_5)
DA:9,1
DA:10,1
DA:14,1
DA:16,1
DA:17,2
DA:24,1
DA:28,2
DA:29,2
DA:30,2
DA:31,2
DA:34,2
LF:11
LH:11
BRDA:31,0,0,2
BRDA:31,0,1,1
BRF:2
BRH:2
end_of_record
